Using pre-set license
Built from '2020.3/release' branch; Version is '2020.3.1f1 (77a89f25062f) revision 7841951'; Using compiler version '192528614'; Build Type 'Release'
OS: 'Windows 10 Pro; OS build 19042.985; Version 2009; 64bit' Language: 'en' Physical Memory: 8078 MB
BatchMode: 1, IsHumanControllingUs: 0, StartBugReporterOnCrash: 0, Is64bit: 1, IsPro: 0

 COMMAND LINE ARGUMENTS:
C:\Program Files\Unity\2020.3.1f1\Editor\Unity.exe
-adb2
-batchMode
-noUpm
-name
AssetImportWorker1
-projectPath
D:/Unity/PigAndOreo
-logFile
Logs/AssetImportWorker1.log
-srvPort
50214
Successfully changed project path to: D:/Unity/PigAndOreo
D:/Unity/PigAndOreo
Using Asset Import Pipeline V2.
Refreshing native plugins compatible for Editor in 234.92 ms, found 1 plugins.
Preloading 0 native plugins for Editor in 0.00 ms.
Initialize engine version: 2020.3.1f1 (77a89f25062f)
[Subsystems] Discovering subsystems at path C:/Program Files/Unity/2020.3.1f1/Editor/Data/Resources/UnitySubsystems
[Subsystems] Discovering subsystems at path D:/Unity/PigAndOreo/Assets
GfxDevice: creating device client; threaded=0
Direct3D:
    Version:  Direct3D 11.0 [level 11.0]
    Renderer: NVIDIA GeForce MX130 (ID=0x174d)
    Vendor:   
    VRAM:     2010 MB
    Driver:   27.21.14.6230
Initialize mono
Mono path[0] = 'C:/Program Files/Unity/2020.3.1f1/Editor/Data/Managed'
Mono path[1] = 'C:/Program Files/Unity/2020.3.1f1/Editor/Data/MonoBleedingEdge/lib/mono/unityjit'
Mono config path = 'C:/Program Files/Unity/2020.3.1f1/Editor/Data/MonoBleedingEdge/etc'
Using monoOptions --debugger-agent=transport=dt_socket,embedding=1,server=y,suspend=n,address=127.0.0.1:56828
Begin MonoManager ReloadAssembly
Registering precompiled unity dll's ...
Register platform support module: C:/Program Files/Unity/2020.3.1f1/Editor/Data/PlaybackEngines/WindowsStandaloneSupport/UnityEditor.WindowsStandalone.Extensions.dll
Registered in 0.003380 seconds.
Native extension for WindowsStandalone target not found
Refreshing native plugins compatible for Editor in 544.20 ms, found 1 plugins.
Preloading 0 native plugins for Editor in 0.00 ms.
Invoked RoslynAnalysisRunner static constructor.
RoslynAnalysisRunner will not be running.
RoslynAnalysisRunner has terminated.
Mono: successfully reloaded assembly
- Completed reload, in  8.927 seconds
Platform modules already initialized, skipping
Registering precompiled user dll's ...
Registered in 0.020261 seconds.
Begin MonoManager ReloadAssembly
Native extension for WindowsStandalone target not found
Refreshing native plugins compatible for Editor in 166.14 ms, found 1 plugins.
Preloading 0 native plugins for Editor in 0.00 ms.
Invoked RoslynAnalysisRunner static constructor.
RoslynAnalysisRunner will not be running.
RoslynAnalysisRunner has terminated.
Mono: successfully reloaded assembly
- Completed reload, in  2.818 seconds
Platform modules already initialized, skipping
========================================================================
Worker process is ready to serve import requests
Launched and connected shader compiler UnityShaderCompiler.exe after 0.14 seconds
Refreshing native plugins compatible for Editor in 0.62 ms, found 1 plugins.
Preloading 0 native plugins for Editor in 0.00 ms.
Unloading 1829 Unused Serialized files (Serialized files now loaded: 0)
System memory in use before: 85.5 MB.
System memory in use after: 85.5 MB.

Unloading 25 unused Assets to reduce memory usage. Loaded Objects now: 2278.
Total: 7.250200 ms (FindLiveObjects: 1.335000 ms CreateObjectMapping: 0.773200 ms MarkObjects: 4.898400 ms  DeleteObjects: 0.239500 ms)

========================================================================
Received Import Request.
  path: Assets/Scene/01.unity
  artifactKey: Guid(5995180222766e44db8c719d541436dd) Importer(815301076,1909f56bfc062723c751e8b465ee728b)
Start importing Assets/Scene/01.unity using Guid(5995180222766e44db8c719d541436dd) Importer(815301076,1909f56bfc062723c751e8b465ee728b)  -> (artifact id: '3bb69f8a3938f727db7560a781c3f419') in 0.369973 seconds
  Import took 0.418928 seconds .

========================================================================
Received Prepare
Registering precompiled user dll's ...
Registered in 0.002088 seconds.
Begin MonoManager ReloadAssembly
Native extension for WindowsStandalone target not found
Refreshing native plugins compatible for Editor in 1.12 ms, found 1 plugins.
Preloading 0 native plugins for Editor in 0.00 ms.
Invoked RoslynAnalysisRunner static constructor.
RoslynAnalysisRunner will not be running.
RoslynAnalysisRunner has terminated.
Mono: successfully reloaded assembly
- Completed reload, in  2.231 seconds
Platform modules already initialized, skipping
Refreshing native plugins compatible for Editor in 1.37 ms, found 1 plugins.
Preloading 0 native plugins for Editor in 0.00 ms.
Unloading 1821 Unused Serialized files (Serialized files now loaded: 0)
System memory in use before: 85.5 MB.
System memory in use after: 85.5 MB.

Unloading 13 unused Assets to reduce memory usage. Loaded Objects now: 2282.
Total: 9.007800 ms (FindLiveObjects: 0.834500 ms CreateObjectMapping: 0.509900 ms MarkObjects: 7.220400 ms  DeleteObjects: 0.438400 ms)

========================================================================
Received Prepare
Refreshing native plugins compatible for Editor in 2.78 ms, found 1 plugins.
Preloading 0 native plugins for Editor in 0.00 ms.
Unloading 11 Unused Serialized files (Serialized files now loaded: 0)
System memory in use before: 49.7 MB.
System memory in use after: 49.7 MB.

Unloading 11 unused Assets to reduce memory usage. Loaded Objects now: 2282.
Total: 5.142600 ms (FindLiveObjects: 0.506200 ms CreateObjectMapping: 0.185200 ms MarkObjects: 4.066400 ms  DeleteObjects: 0.373100 ms)

========================================================================
Received Prepare
Refreshing native plugins compatible for Editor in 3.39 ms, found 1 plugins.
Preloading 0 native plugins for Editor in 0.00 ms.
Unloading 11 Unused Serialized files (Serialized files now loaded: 0)
System memory in use before: 49.7 MB.
System memory in use after: 49.7 MB.

Unloading 11 unused Assets to reduce memory usage. Loaded Objects now: 2282.
Total: 4.627800 ms (FindLiveObjects: 0.399300 ms CreateObjectMapping: 0.202200 ms MarkObjects: 3.787400 ms  DeleteObjects: 0.235400 ms)

========================================================================
Received Import Request.
  Time since last request: 32.633909 seconds.
  path: Assets/Scene/Background.png
  artifactKey: Guid(497144aaa0c587142b8ef7726da9c2ec) Importer(815301076,1909f56bfc062723c751e8b465ee728b)
Start importing Assets/Scene/Background.png using Guid(497144aaa0c587142b8ef7726da9c2ec) Importer(815301076,1909f56bfc062723c751e8b465ee728b)  -> (artifact id: '644a08f399a85886173ba6f7d7c420c5') in 0.455997 seconds
  Import took 0.475491 seconds .

========================================================================
Received Import Request.
  Time since last request: 0.000931 seconds.
  path: Assets/Scene/Score.png
  artifactKey: Guid(038ecf37eadfc8a4c84a17bea68ff355) Importer(815301076,1909f56bfc062723c751e8b465ee728b)
Start importing Assets/Scene/Score.png using Guid(038ecf37eadfc8a4c84a17bea68ff355) Importer(815301076,1909f56bfc062723c751e8b465ee728b)  -> (artifact id: '56428e54b732e0cfb427d2504a788411') in 0.053315 seconds
  Import took 0.071250 seconds .

========================================================================
Received Prepare
Refreshing native plugins compatible for Editor in 4.40 ms, found 1 plugins.
Preloading 0 native plugins for Editor in 0.00 ms.
Unloading 11 Unused Serialized files (Serialized files now loaded: 0)
System memory in use before: 53.0 MB.
System memory in use after: 53.0 MB.

Unloading 11 unused Assets to reduce memory usage. Loaded Objects now: 2290.
Total: 12.769000 ms (FindLiveObjects: 0.710700 ms CreateObjectMapping: 0.321500 ms MarkObjects: 11.094900 ms  DeleteObjects: 0.632700 ms)

========================================================================
Received Prepare
Refreshing native plugins compatible for Editor in 3.16 ms, found 1 plugins.
Preloading 0 native plugins for Editor in 0.00 ms.
Unloading 11 Unused Serialized files (Serialized files now loaded: 0)
System memory in use before: 53.0 MB.
System memory in use after: 53.0 MB.

Unloading 11 unused Assets to reduce memory usage. Loaded Objects now: 2290.
Total: 5.815500 ms (FindLiveObjects: 0.768200 ms CreateObjectMapping: 0.208700 ms MarkObjects: 4.566200 ms  DeleteObjects: 0.268500 ms)

========================================================================
Received Prepare
Refreshing native plugins compatible for Editor in 3.74 ms, found 1 plugins.
Preloading 0 native plugins for Editor in 0.00 ms.
Unloading 11 Unused Serialized files (Serialized files now loaded: 0)
System memory in use before: 53.0 MB.
System memory in use after: 53.0 MB.

Unloading 11 unused Assets to reduce memory usage. Loaded Objects now: 2290.
Total: 12.289200 ms (FindLiveObjects: 0.756400 ms CreateObjectMapping: 0.266700 ms MarkObjects: 10.798000 ms  DeleteObjects: 0.460800 ms)

========================================================================
Received Prepare
Refreshing native plugins compatible for Editor in 3.89 ms, found 1 plugins.
Preloading 0 native plugins for Editor in 0.00 ms.
Unloading 11 Unused Serialized files (Serialized files now loaded: 0)
System memory in use before: 53.0 MB.
System memory in use after: 53.0 MB.

Unloading 11 unused Assets to reduce memory usage. Loaded Objects now: 2290.
Total: 12.735900 ms (FindLiveObjects: 1.163300 ms CreateObjectMapping: 0.455800 ms MarkObjects: 10.508900 ms  DeleteObjects: 0.602000 ms)

AssetImportWorkerClient::OnTransportError - code=2 error=End of file
